#
# A fatal error has been detected by the Java Runtime Environment:
#
#  EXCEPTION_ACCESS_VIOLATION (0xc0000005) at pc=0x0000000076e60895, pid=1324, tid=4260
#
# JRE version: 6.0_17-b04
# Java VM: Java HotSpot(TM) 64-Bit Server VM (14.3-b01 mixed mode windows-amd64 )
# Problematic frame:
# C  [ntdll.dll+0x50895]
#
# If you would like to submit a bug report, please visit:
#   http://java.sun.com/webapps/bugreport/crash.jsp
#

---------------  T H R E A D  ---------------

Current thread (0x0000000032e10000):  JavaThread "AWT-EventQueue-0" [_thread_in_Java, id=4260, stack(0x0000000034610000,0x0000000034690000)]

siginfo: ExceptionCode=0xc0000005, reading address 0xffffffffffffffff

Registers:
EAX=0x000000003468e4d8, EBX=0x0000000000000002, ECX=0x000000003468e5a8, EDX=0x000000003468e518
ESP=0x000000003468e4c8, EBP=0x000007fee8d05700, ESI=0x0000000000000020, EDI=0x0000000000000000
EIP=0x0000000076e60895, EFLAGS=0x0000000000010202

Top of Stack: (sp=0x000000003468e4c8)
0x000000003468e4c8:   0000000000000202 0000000076e1b239
0x000000003468e4d8:   000007fffff84000 0000000000000000
0x000000003468e4e8:   000000003468e6d0 000000003468e700
0x000000003468e4f8:   0000000015fc0ba0 0000000100000001
0x000000003468e508:   00000000339fd880 00000000339fd830
0x000000003468e518:   0000000034690000 0000000034671000
0x000000003468e528:   00000000111cd9d0 0000000000000000
0x000000003468e538:   0000000025f6b618 000000003468ed20
0x000000003468e548:   000000003468ecf0 0000000010f86f7a
0x000000003468e558:   0000000010f86f10 0000000000000000
0x000000003468e568:   0000000000000000 000000003468ecf0
0x000000003468e578:   000000003468ed80 0000000010f55ac2
0x000000003468e588:   0000000010f54e90 0000000000000000
0x000000003468e598:   000000003468ede0 000000003468ed80
0x000000003468e5a8:   000000003468ed80 0000000010f55ac2
0x000000003468e5b8:   0000000010f54e90 0000000000000000 

Instructions: (pc=0x0000000076e60895)
0x0000000076e60885:   00 00 4c 89 b1 e8 00 00 00 4c 89 b9 f0 00 00 00
0x0000000076e60895:   0f ae 81 00 01 00 00 0f 29 81 a0 01 00 00 0f 29 


Stack: [0x0000000034610000,0x0000000034690000],  sp=0x000000003468e4c8,  free space=505k
Native frames: (J=compiled Java code, j=interpreted, Vv=VM code, C=native code)
C  [ntdll.dll+0x50895]

Java frames: (J=compiled Java code, j=interpreted, Vv=VM code)
v  blob 0x0000000010f87039
j  com.jgoodies.forms.layout.FormLayout.initializeColAndRowComponentLists()V+33
j  com.jgoodies.forms.layout.FormLayout.layoutContainer(Ljava/awt/Container;)V+8
j  java.awt.Container.layout()V+11
j  java.awt.Container.doLayout()V+1
j  com.mathworks.mde.explorer.Explorer.doLayout()V+1
j  java.awt.Container.validateTree()V+30
j  java.awt.Container.validateTree()V+87
j  java.awt.Container.validateTree()V+87
j  java.awt.Container.validateTree()V+87
j  java.awt.Container.validateTree()V+87
j  java.awt.Container.validate()V+61
j  javax.swing.RepaintManager.validateInvalidComponents()V+58
j  javax.swing.SystemEventQueueUtilities$ComponentWorkRequest.run()V+32
j  java.awt.event.InvocationEvent.dispatch()V+47
j  java.awt.EventQueue.dispatchEvent(Ljava/awt/AWTEvent;)V+26
j  java.awt.EventDispatchThread.pumpOneEventForFilters(I)Z+204
j  java.awt.EventDispatchThread.pumpEventsForFilter(ILjava/awt/Conditional;Ljava/awt/EventFilter;)V+30
j  java.awt.EventDispatchThread.pumpEventsForHierarchy(ILjava/awt/Conditional;Ljava/awt/Component;)V+11
j  java.awt.EventDispatchThread.pumpEvents(ILjava/awt/Conditional;)V+4
j  java.awt.EventDispatchThread.pumpEvents(Ljava/awt/Conditional;)V+3
j  java.awt.EventDispatchThread.run()V+9
v  ~StubRoutines::call_stub

---------------  P R O C E S S  ---------------

Java Threads: ( => current thread )
  0x000000000faf0800 JavaThread "RequestQueue for GenericFileList" [_thread_blocked, id=3596, stack(0x00000000377a0000,0x0000000037820000)]
  0x000000000faf0000 JavaThread "Timer-6" daemon [_thread_blocked, id=4160, stack(0x0000000036820000,0x00000000368a0000)]
  0x000000000faee000 JavaThread "Prefs Updater" daemon [_thread_blocked, id=4000, stack(0x00000000367a0000,0x0000000036820000)]
  0x000000000faea000 JavaThread "Timer-1" [_thread_blocked, id=1680, stack(0x00000000366a0000,0x0000000036720000)]
  0x000000000faec800 JavaThread "FelixPackageAdmin" daemon [_thread_blocked, id=2628, stack(0x0000000034950000,0x00000000349d0000)]
  0x000000000faeb800 JavaThread "FelixStartLevel" daemon [_thread_blocked, id=5032, stack(0x00000000348d0000,0x0000000034950000)]
  0x000000000faeb000 JavaThread "FelixDispatchQueue" daemon [_thread_blocked, id=1768, stack(0x0000000034850000,0x00000000348d0000)]
  0x0000000032dfd800 JavaThread "TimerQueue" daemon [_thread_blocked, id=4872, stack(0x0000000034690000,0x0000000034710000)]
=>0x0000000032e10000 JavaThread "AWT-EventQueue-0" [_thread_in_Java, id=4260, stack(0x0000000034610000,0x0000000034690000)]
  0x0000000032ccd000 JavaThread "AWT-Windows" daemon [_thread_in_native, id=2952, stack(0x000000000ff20000,0x000000000ffa0000)]
  0x0000000032ccc800 JavaThread "AWT-Shutdown" [_thread_blocked, id=2672, stack(0x000000000fea0000,0x000000000ff20000)]
  0x0000000032c9c800 JavaThread "Java2D Disposer" daemon [_thread_blocked, id=2696, stack(0x000000000fe20000,0x000000000fea0000)]
  0x0000000032385800 JavaThread "Timer-0" [_thread_blocked, id=1388, stack(0x000000000fce0000,0x000000000fd60000)]
  0x00000000324c3800 JavaThread "JMI Unnamed Thread" [_thread_in_native, id=2544, stack(0x000000000c310000,0x000000000d710000)]
  0x000000000fafc800 JavaThread "Low Memory Detector" daemon [_thread_blocked, id=4232, stack(0x000000000fc60000,0x000000000fce0000)]
  0x000000000fae9800 JavaThread "CompilerThread1" daemon [_thread_blocked, id=4944, stack(0x000000002fab0000,0x0000000030eb0000)]
  0x000000000fada800 JavaThread "CompilerThread0" daemon [_thread_blocked, id=3232, stack(0x000000002e6b0000,0x000000002fab0000)]
  0x000000000fad8800 JavaThread "Attach Listener" daemon [_thread_blocked, id=1320, stack(0x000000000fbe0000,0x000000000fc60000)]
  0x0000000001db9000 JavaThread "Finalizer" daemon [_thread_blocked, id=2444, stack(0x000000000ef90000,0x000000000f010000)]
  0x0000000001db8000 JavaThread "Reference Handler" daemon [_thread_blocked, id=4832, stack(0x000000000ef10000,0x000000000ef90000)]
  0x0000000001aff000 JavaThread "main" [_thread_in_native, id=2296, stack(0x0000000000030000,0x0000000001430000)]

Other Threads:
  0x000000000fa82800 VMThread [stack: 0x000000002d2b0000,0x000000002e6b0000] [id=1060]
  0x000000000fb28000 WatcherThread [stack: 0x0000000030eb0000,0x00000000322b0000] [id=3756]

VM state:not at safepoint (normal execution)

VM Mutex/Monitor currently owned by a thread: None

Heap
 PSYoungGen      total 31104K, used 18235K [0x0000000025250000, 0x0000000027e70000, 0x0000000028350000)
  eden space 19712K, 68% used [0x0000000025250000,0x0000000025f91d88,0x0000000026590000)
  from space 11392K, 40% used [0x0000000027350000,0x00000000277dd108,0x0000000027e70000)
  to   space 12736K, 0% used [0x0000000026590000,0x0000000026590000,0x0000000027200000)
 PSOldGen        total 49152K, used 36581K [0x000000001bf50000, 0x000000001ef50000, 0x0000000025250000)
  object space 49152K, 74% used [0x000000001bf50000,0x000000001e3097f0,0x000000001ef50000)
 PSPermGen       total 51776K, used 51721K [0x0000000013f50000, 0x00000000171e0000, 0x000000001bf50000)
  object space 51776K, 99% used [0x0000000013f50000,0x00000000171d2720,0x00000000171e0000)

Dynamic libraries:
0x0000000140000000 - 0x0000000140029000 	C:\Program Files\MATLAB\R2010b\bin\win64\MATLAB.exe
0x0000000076e10000 - 0x0000000076fb9000 	C:\Windows\SYSTEM32\ntdll.dll
0x0000000076bf0000 - 0x0000000076d0f000 	C:\Windows\system32\kernel32.dll
0x000007fefc460000 - 0x000007fefc4cc000 	C:\Windows\system32\KERNELBASE.dll
0x000000007d080000 - 0x000000007d18e000 	C:\Program Files\MATLAB\R2010b\bin\win64\libut.dll
0x0000000180000000 - 0x000000018007c000 	C:\Program Files\MATLAB\R2010b\bin\win64\libmwi18n.dll
0x0000000001480000 - 0x0000000001490000 	C:\Program Files\MATLAB\R2010b\bin\win64\boost_date_time-vc80-mt-1_40.dll
0x0000000072db0000 - 0x0000000072eb9000 	C:\Windows\WinSxS\amd64_microsoft.vc80.crt_1fc8b3b9a1e18e3b_8.0.50727.4940_none_88df89932faf0bf6\MSVCP80.dll
0x0000000074a60000 - 0x0000000074b29000 	C:\Windows\WinSxS\amd64_microsoft.vc80.crt_1fc8b3b9a1e18e3b_8.0.50727.4940_none_88df89932faf0bf6\MSVCR80.dll
0x000007fefe070000 - 0x000007fefe10f000 	C:\Windows\system32\msvcrt.dll
0x0000000001610000 - 0x000000000162b000 	C:\Program Files\MATLAB\R2010b\bin\win64\boost_filesystem-vc80-mt-1_40.dll
0x0000000001640000 - 0x0000000001649000 	C:\Program Files\MATLAB\R2010b\bin\win64\boost_system-vc80-mt-1_40.dll
0x0000000001660000 - 0x0000000001673000 	C:\Program Files\MATLAB\R2010b\bin\win64\boost_thread-vc80-mt-1_40.dll
0x000000007d880000 - 0x000000007d8a8000 	C:\Program Files\MATLAB\R2010b\bin\win64\LIBEXPAT.dll
0x000000007cce0000 - 0x000000007ce59000 	C:\Program Files\MATLAB\R2010b\bin\win64\icuin42.dll
0x000000007d590000 - 0x000000007d6ca000 	C:\Program Files\MATLAB\R2010b\bin\win64\icuuc42.dll
0x000007fefca60000 - 0x000007fefcb3b000 	C:\Windows\system32\ADVAPI32.dll
0x000007fefe5e0000 - 0x000007fefe5ff000 	C:\Windows\SYSTEM32\sechost.dll
0x000007fefc6b0000 - 0x000007fefc7dd000 	C:\Windows\system32\RPCRT4.dll
0x0000000010000000 - 0x0000000010f47000 	C:\Program Files\MATLAB\R2010b\bin\win64\icudt42.dll
0x0000000078a10000 - 0x0000000078b49000 	C:\Program Files\MATLAB\R2010b\bin\win64\libmwfl.dll
0x000007fefcb40000 - 0x000007fefcb57000 	C:\Windows\system32\imagehlp.dll
0x0000000076fe0000 - 0x0000000076fe7000 	C:\Windows\system32\PSAPI.DLL
0x00000000016d0000 - 0x00000000017b6000 	C:\Program Files\MATLAB\R2010b\bin\win64\boost_regex-vc80-mt-1_40.dll
0x0000000076d10000 - 0x0000000076e0a000 	C:\Windows\system32\USER32.dll
0x000007fefc970000 - 0x000007fefc9d7000 	C:\Windows\system32\GDI32.dll
0x000007fefe260000 - 0x000007fefe26e000 	C:\Windows\system32\LPK.dll
0x000007fefe110000 - 0x000007fefe1d9000 	C:\Windows\system32\USP10.dll
0x00000000017d0000 - 0x00000000017e4000 	C:\Program Files\MATLAB\R2010b\bin\win64\boost_signals-vc80-mt-1_40.dll
0x0000000001800000 - 0x000000000183e000 	C:\Program Files\MATLAB\R2010b\bin\win64\tbb.dll
0x000000007cab0000 - 0x000000007cac0000 	C:\Program Files\MATLAB\R2010b\bin\win64\icuio42.dll
0x000000007d200000 - 0x000000007d460000 	C:\Program Files\MATLAB\R2010b\bin\win64\libmwservices.dll
0x000000007d190000 - 0x000000007d1fd000 	C:\Program Files\MATLAB\R2010b\bin\win64\libmx.dll
0x00000000791e0000 - 0x00000000791f7000 	C:\Program Files\MATLAB\R2010b\bin\win64\zlib1.dll
0x000000007d460000 - 0x000000007d58e000 	C:\Program Files\MATLAB\R2010b\bin\win64\libmwmathutil.dll
0x000000007acf0000 - 0x000000007ad51000 	C:\Program Files\MATLAB\R2010b\bin\win64\mpath.dll
0x000000007d8b0000 - 0x000000007db80000 	C:\Program Files\MATLAB\R2010b\bin\win64\mlutil.dll
0x000000007eb00000 - 0x000000007eb8b000 	C:\Program Files\MATLAB\R2010b\bin\win64\xmlcore.dll
0x000000007a670000 - 0x000000007a905000 	C:\Program Files\MATLAB\R2010b\bin\win64\xerces-c_2_7.dll
0x000007fefe210000 - 0x000007fefe25d000 	C:\Windows\system32\WS2_32.dll
0x000007fefcde0000 - 0x000007fefcde8000 	C:\Windows\system32\NSI.dll
0x000007fefd2e0000 - 0x000007fefe068000 	C:\Windows\system32\SHELL32.dll
0x000007fefc9e0000 - 0x000007fefca51000 	C:\Windows\system32\SHLWAPI.dll
0x000007fef3c70000 - 0x000007fef3d10000 	C:\Windows\WinSxS\amd64_microsoft.windows.common-controls_6595b64144ccf1df_5.82.7601.17514_none_a4d6a923711520a9\COMCTL32.dll
0x000007fefcb60000 - 0x000007fefcbf7000 	C:\Windows\system32\comdlg32.dll
0x000007fefb190000 - 0x000007fefb1a6000 	C:\Windows\system32\NETAPI32.dll
0x000007fefb180000 - 0x000007fefb18c000 	C:\Windows\system32\netutils.dll
0x000007fefc010000 - 0x000007fefc033000 	C:\Windows\system32\srvcli.dll
0x000007fefb160000 - 0x000007fefb175000 	C:\Windows\system32\wkscli.dll
0x000000007b0c0000 - 0x000000007b17a000 	C:\Program Files\MATLAB\R2010b\bin\win64\mcr.dll
0x000000007cac0000 - 0x000000007cb74000 	C:\Program Files\MATLAB\R2010b\bin\win64\iqm.dll
0x000000007b860000 - 0x000000007bfdf000 	C:\Program Files\MATLAB\R2010b\bin\win64\m_interpreter.dll
0x000000007cba0000 - 0x000000007cbb0000 	C:\Program Files\MATLAB\R2010b\bin\win64\libmex.dll
0x000000007af40000 - 0x000000007afd6000 	C:\Program Files\MATLAB\R2010b\bin\win64\m_dispatcher.dll
0x000000007ade0000 - 0x000000007ae71000 	C:\Program Files\MATLAB\R2010b\bin\win64\profiler.dll
0x000000007cc20000 - 0x000000007cc51000 	C:\Program Files\MATLAB\R2010b\bin\win64\libmwmathrng.dll
0x0000000079130000 - 0x000000007914a000 	C:\Program Files\MATLAB\R2010b\bin\win64\m_pcodeio.dll
0x000000007aca0000 - 0x000000007aced000 	C:\Program Files\MATLAB\R2010b\bin\win64\m_ir.dll
0x000000007b240000 - 0x000000007b856000 	C:\Program Files\MATLAB\R2010b\bin\win64\m_parser.dll
0x000000007cb80000 - 0x000000007cb93000 	C:\Program Files\MATLAB\R2010b\bin\win64\ir_xfmr.dll
0x0000000078b50000 - 0x0000000078d89000 	C:\Program Files\MATLAB\R2010b\bin\win64\mcos.dll
0x000000007cc70000 - 0x000000007cc7c000 	C:\Program Files\MATLAB\R2010b\bin\win64\mtok.dll
0x0000000079110000 - 0x0000000079130000 	C:\Program Files\MATLAB\R2010b\bin\win64\m_pcodegen.dll
0x0000000078300000 - 0x0000000078356000 	C:\Program Files\MATLAB\R2010b\bin\win64\libmwspmatrix.dll
0x000007fef4120000 - 0x000007fef4245000 	C:\Windows\system32\dbghelp.dll
0x0000000078360000 - 0x000000007838c000 	C:\Program Files\MATLAB\R2010b\bin\win64\libmwbridge.dll
0x000000007c720000 - 0x000000007c7e0000 	C:\Program Files\MATLAB\R2010b\bin\win64\udd.dll
0x000000007d6d0000 - 0x000000007d82b000 	C:\Program Files\MATLAB\R2010b\bin\win64\libmwgui.dll
0x0000000079250000 - 0x0000000079ad7000 	C:\Program Files\MATLAB\R2010b\bin\win64\hg.dll
0x0000000079030000 - 0x0000000079087000 	C:\Program Files\MATLAB\R2010b\bin\win64\libmat.dll
0x000000007ce60000 - 0x000000007d07b000 	C:\Program Files\MATLAB\R2010b\bin\win64\libhdf5.dll
0x000000007aba0000 - 0x000000007ac24000 	C:\Program Files\MATLAB\R2010b\bin\win64\jmi.dll
0x000000007aae0000 - 0x000000007ab1f000 	C:\Program Files\MATLAB\R2010b\bin\win64\libmwhardcopy.dll
0x000000007ac30000 - 0x000000007ac98000 	C:\Program Files\MATLAB\R2010b\bin\win64\libuij.dll
0x0000000078800000 - 0x00000000789f4000 	C:\Program Files\MATLAB\R2010b\bin\win64\hgdatatypes.dll
0x0000000078740000 - 0x00000000787fa000 	C:\Program Files\MATLAB\R2010b\bin\win64\hgutils.dll
0x0000000079090000 - 0x000000007910c000 	C:\Program Files\MATLAB\R2010b\bin\win64\libmwlapack.dll
0x000000007cbc0000 - 0x000000007cbd3000 	C:\Program Files\MATLAB\R2010b\bin\win64\libmwbinder.dll
0x000000007c7e0000 - 0x000000007caa9000 	C:\Program Files\MATLAB\R2010b\bin\win64\uiw.dll
0x000000007ccd0000 - 0x000000007ccda000 	C:\Program Files\MATLAB\R2010b\bin\win64\uinone.dll
0x00000000691f0000 - 0x000000006938c000 	C:\Windows\WinSxS\amd64_microsoft.vc80.mfc_1fc8b3b9a1e18e3b_8.0.50727.4053_none_8444db7d32915e4c\MFC80.DLL
0x000007fef5ea0000 - 0x000007fef5f11000 	C:\Windows\system32\WINSPOOL.DRV
0x000007fefe270000 - 0x000007fefe473000 	C:\Windows\system32\ole32.dll
0x000007fefe500000 - 0x000007fefe5d7000 	C:\Windows\system32\OLEAUT32.dll
0x000000007b180000 - 0x000000007b231000 	C:\Program Files\MATLAB\R2010b\bin\win64\udd_mi.dll
0x0000000079150000 - 0x0000000079168000 	C:\Program Files\MATLAB\R2010b\bin\win64\mwoles05.DLL
0x000000007ad60000 - 0x000000007add3000 	C:\Program Files\MATLAB\R2010b\bin\win64\comcli.dll
0x0000000069910000 - 0x0000000069930000 	C:\Windows\WinSxS\amd64_microsoft.vc80.atl_1fc8b3b9a1e18e3b_8.0.50727.4053_none_8a1a02152edb659b\ATL80.DLL
0x000000007cc60000 - 0x000000007cc6e000 	C:\Program Files\MATLAB\R2010b\bin\win64\mlautoregister.dll
0x000007fefc110000 - 0x000007fefc167000 	C:\Windows\system32\apphelp.dll
0x000007fee8c10000 - 0x000007fee9077000 	C:\Windows\AppPatch\AppPatch64\AcXtrnal.DLL
0x000007fefe1e0000 - 0x000007fefe20e000 	C:\Windows\system32\IMM32.DLL
0x000007fefd050000 - 0x000007fefd159000 	C:\Windows\system32\MSCTF.dll
0x0000000073850000 - 0x000000007385d000 	C:\Windows\WinSxS\amd64_microsoft.vc80.mfcloc_1fc8b3b9a1e18e3b_8.0.50727.4053_none_bc1d1e5b0be08790\MFC80ENU.DLL
0x000007fefa410000 - 0x000007fefa466000 	C:\Windows\system32\uxtheme.dll
0x000007fefc240000 - 0x000007fefc24f000 	C:\Windows\system32\profapi.dll
0x000007fef91e0000 - 0x000007fef9207000 	C:\Windows\system32\iphlpapi.dll
0x000007fef91d0000 - 0x000007fef91db000 	C:\Windows\system32\WINNSI.DLL
0x000007fefb610000 - 0x000007fefb66b000 	C:\Windows\system32\DNSAPI.dll
0x000007fef8e50000 - 0x000007fef8e61000 	C:\Windows\system32\dhcpcsvc6.DLL
0x000007fef8e30000 - 0x000007fef8e48000 	C:\Windows\system32\dhcpcsvc.DLL
0x0000000073840000 - 0x0000000073843000 	C:\Windows\system32\icmp.Dll
0x000007fefc170000 - 0x000007fefc17f000 	C:\Windows\system32\CRYPTBASE.dll
0x000007fefc5d0000 - 0x000007fefc606000 	C:\Windows\system32\CFGMGR32.dll
0x000000006d7f0000 - 0x000000006de4d000 	C:\Program Files\MATLAB\R2010b\sys\java\jre\win64\jre\bin\server\jvm.dll
0x000007fef9960000 - 0x000007fef999b000 	C:\Windows\system32\WINMM.dll
0x000007fefa200000 - 0x000007fefa218000 	C:\Windows\system32\dwmapi.dll
0x000000007af10000 - 0x000000007af1e000 	C:\Program Files\MATLAB\R2010b\sys\java\jre\win64\jre\bin\verify.dll
0x0000000079200000 - 0x0000000079227000 	C:\Program Files\MATLAB\R2010b\sys\java\jre\win64\jre\bin\java.dll
0x000000007aef0000 - 0x000000007aefa000 	C:\Program Files\MATLAB\R2010b\sys\java\jre\win64\jre\bin\hpi.dll
0x000000007af20000 - 0x000000007af32000 	C:\Program Files\MATLAB\R2010b\sys\java\jre\win64\jre\bin\zip.dll
0x000007fefc610000 - 0x000007fefc6a9000 	C:\Windows\system32\CLBCatQ.DLL
0x0000000079170000 - 0x0000000079194000 	C:\Program Files\MATLAB\R2010b\bin\win64\nativejava.dll
0x000007fef6e80000 - 0x000007fef6e98000 	C:\Windows\system32\MPR.dll
0x00000000791a0000 - 0x00000000791da000 	C:\Program Files\MATLAB\R2010b\bin\win64\nativejmi.dll
0x000000007ccc0000 - 0x000000007ccc7000 	C:\Program Files\MATLAB\R2010b\bin\win64\nativeservices.dll
0x000000007a910000 - 0x000000007aad1000 	C:\Program Files\MATLAB\R2010b\sys\java\jre\win64\jre\bin\awt.dll
0x000000007afe0000 - 0x000000007b04b000 	C:\Program Files\MATLAB\R2010b\sys\java\jre\win64\jre\bin\fontmanager.dll
0x0000000079230000 - 0x0000000079247000 	C:\Program Files\MATLAB\R2010b\sys\java\jre\win64\jre\bin\net.dll
0x000007fefb790000 - 0x000007fefb7e5000 	C:\Windows\system32\mswsock.dll
0x000007fefb780000 - 0x000007fefb787000 	C:\Windows\System32\wship6.dll
0x000000007af00000 - 0x000000007af0b000 	C:\Program Files\MATLAB\R2010b\sys\java\jre\win64\jre\bin\nio.dll
0x00000000783b0000 - 0x00000000783ba000 	C:\Program Files\MATLAB\R2010b\bin\win64\nativelmgr.dll
0x000000007de20000 - 0x000000007de55000 	C:\Program Files\MATLAB\R2010b\sys\java\jre\win64\jre\bin\jpeg.dll
0x000007fefbff0000 - 0x000007fefc007000 	C:\Windows\system32\CRYPTSP.dll
0x000007fefb4f0000 - 0x000007fefb537000 	C:\Windows\system32\rsaenh.dll
0x000007fefabf0000 - 0x000007fefac0e000 	C:\Windows\system32\USERENV.dll
0x000007fef9940000 - 0x000007fef9955000 	C:\Windows\system32\NLAapi.dll

VM Arguments:
jvm_args: -Xss512k -XX:PermSize=32m -Xms64m -XX:NewRatio=3 -XX:MaxPermSize=128m -Xmx196m -XX:MaxDirectMemorySize=2147400000 -Dsun.java2d.noddraw=true -Dsun.awt.nopixfmt=true -Xshare:off -Xrs -Dsun.awt.disableMixing=true -Djava.library.path=C:\Program Files\MATLAB\R2010b\bin\win64 vfprintf abort 
java_command: <unknown>
Launcher Type: generic

Environment Variables:
PATH=C:\Program Files (x86)\PC Connectivity Solution\;C:\Program Files (x86)\MiKTeX 2.9\miktex\bin;C:\Windows\system32;C:\Windows;C:\Windows\System32\Wbem;C:\Windows\System32\WindowsPowerShell\v1.0\;C:\Program Files\MATLAB\R2010b\runtime\win64;C:\Program Files\MATLAB\R2010b\bin;C:\X-Plane 9\Resources\plugins;C:\Program Files\Microsoft Network Monitor 3\;C:\Program Files\Microsoft Windows Performance Toolkit\;c:\Program Files (x86)\Microsoft SQL Server\100\Tools\Binn\;c:\Program Files\Microsoft SQL Server\100\Tools\Binn\;c:\Program Files\Microsoft SQL Server\100\DTS\Binn\
USERNAME=Owen
OS=Windows_NT
PROCESSOR_IDENTIFIER=Intel64 Family 6 Model 42 Stepping 7, GenuineIntel



---------------  S Y S T E M  ---------------

OS: Windows 7 Build 7601 Service Pack 1

CPU:total 4 (8 cores per cpu, 2 threads per core) family 6 model 42 stepping 7, cmov, cx8, fxsr, mmx, sse, sse2, sse3, ssse3, sse4.1, sse4.2, ht

Memory: 4k page, physical 8292592k(5453232k free), swap 16583336k(13470432k free)

vm_info: Java HotSpot(TM) 64-Bit Server VM (14.3-b01) for windows-amd64 JRE (1.6.0_17-b04), built on Oct 11 2009 00:46:08 by "java_re" with MS VC++ 8.0

time: Fri Jan 20 10:38:58 2012
elapsed time: 765 seconds

