#
# A fatal error has been detected by the Java Runtime Environment:
#
#  EXCEPTION_ACCESS_VIOLATION (0xc0000005) at pc=0x0000000077310895, pid=1072, tid=3240
#
# JRE version: 6.0_17-b04
# Java VM: Java HotSpot(TM) 64-Bit Server VM (14.3-b01 mixed mode windows-amd64 )
# Problematic frame:
# C  [ntdll.dll+0x50895]
#
# If you would like to submit a bug report, please visit:
#   http://java.sun.com/webapps/bugreport/crash.jsp
#

---------------  T H R E A D  ---------------

Current thread (0x0000000001e8f000):  JavaThread "main" [_thread_in_Java, id=3240, stack(0x0000000000030000,0x0000000001430000)]

siginfo: ExceptionCode=0xc0000005, reading address 0xffffffffffffffff

Registers:
EAX=0x0000000001424a28, EBX=0x0000000000000002, ECX=0x0000000001424af8, EDX=0x0000000001424a68
ESP=0x0000000001424a18, EBP=0x000007feee40c510, ESI=0x0000000000000020, EDI=0x0000000000000000
EIP=0x0000000077310895, EFLAGS=0x0000000000010202

Top of Stack: (sp=0x0000000001424a18)
0x0000000001424a18:   0000000000000202 00000000772cb239
0x0000000001424a28:   000007fffffde000 0000000036c5ece0
0x0000000001424a38:   0000000032406450 0000000000000000
0x0000000001424a48:   0000000001424c30 0000000001424c60
0x0000000001424a58:   0000000010f50000 0000000100000001
0x0000000001424a68:   0000000001430000 000000000140a000
0x0000000001424a78:   0000000001425280 00000000112261fc
0x0000000001424a88:   0000000011226050 0000c87d00000000
0x0000000001424a98:   00000000014252f0 0000000001425280
0x0000000001424aa8:   0000000001425250 0000000010f86f7a
0x0000000001424ab8:   0000000010f86f10 0000000000000000
0x0000000001424ac8:   0000000000000000 0000000001425250
0x0000000001424ad8:   00000000014252a0 0000000010f55969
0x0000000001424ae8:   0000000010f54e90 0000000000000000
0x0000000001424af8:   00000000014252f0 00000000014252a0
0x0000000001424b08:   00000000014252a0 0000000010f55969 

Instructions: (pc=0x0000000077310895)
0x0000000077310885:   00 00 4c 89 b1 e8 00 00 00 4c 89 b9 f0 00 00 00
0x0000000077310895:   0f ae 81 00 01 00 00 0f 29 81 a0 01 00 00 0f 29 


Stack: [0x0000000000030000,0x0000000001430000],  sp=0x0000000001424a18,  free space=20434k
Native frames: (J=compiled Java code, j=interpreted, Vv=VM code, C=native code)
C  [ntdll.dll+0x50895]

Java frames: (J=compiled Java code, j=interpreted, Vv=VM code)
v  blob 0x0000000010f87039
j  com.mathworks.mwswing.MJAbstractAction.getTip()Ljava/lang/String;+6
j  com.mathworks.mwswing.MJAbstractAction.putValue(Ljava/lang/String;Ljava/lang/Object;)V+1
j  com.mathworks.mwswing.ActionUtils.setName(Ljavax/swing/Action;Ljava/lang/String;Z)V+53
j  com.mathworks.mwswing.MJAbstractAction.setName(Ljava/lang/String;Z)V+3
j  com.mathworks.mwswing.MJAbstractAction.setName(Ljava/lang/String;)V+3
j  com.mathworks.mwswing.MJAbstractAction.<init>(Ljava/lang/String;)V+18
j  com.mathworks.mwswing.desk.DTWindowRegistry$ActivationAction.<init>(Lcom/mathworks/mwswing/desk/DTWindowActivator;)V+7
j  com.mathworks.mwswing.desk.DTWindowRegistry$ActivatorData.init()V+22
j  com.mathworks.mwswing.desk.DTWindowRegistry.addActivator(Lcom/mathworks/mwswing/desk/DTWindowActivator;)V+28
j  com.mathworks.mde.desk.MLNativeWindow.<init>(JZ)V+30
v  ~StubRoutines::call_stub

---------------  P R O C E S S  ---------------

Java Threads: ( => current thread )
  0x000000000f023800 JavaThread "FileDecorationCache request queue" [_thread_blocked, id=5460, stack(0x000000002e170000,0x000000002e1f0000)]
  0x000000000f028000 JavaThread "Image Fetcher 0" daemon [_thread_blocked, id=1892, stack(0x000000002d350000,0x000000002d3d0000)]
  0x000000000f022800 JavaThread "Active Reference Queue Daemon" daemon [_thread_blocked, id=3516, stack(0x0000000036580000,0x0000000036600000)]
  0x000000000f020000 JavaThread "Timer-8" daemon [_thread_blocked, id=3760, stack(0x0000000036500000,0x0000000036580000)]
  0x000000000f021800 JavaThread "Timer-7" daemon [_thread_blocked, id=3208, stack(0x0000000036480000,0x0000000036500000)]
  0x000000000f022000 JavaThread "RequestQueue for GenericFileList" [_thread_blocked, id=4176, stack(0x0000000036380000,0x0000000036400000)]
  0x000000000f01f000 JavaThread "Prefs Updater" daemon [_thread_blocked, id=5024, stack(0x0000000036300000,0x0000000036380000)]
  0x000000000f01d800 JavaThread "Timer-1" [_thread_blocked, id=3424, stack(0x0000000036200000,0x0000000036280000)]
  0x000000000f01d000 JavaThread "FelixPackageAdmin" daemon [_thread_blocked, id=2648, stack(0x0000000034560000,0x00000000345e0000)]
  0x000000000f01c000 JavaThread "FelixStartLevel" daemon [_thread_blocked, id=4928, stack(0x00000000344e0000,0x0000000034560000)]
  0x0000000032023800 JavaThread "FelixDispatchQueue" daemon [_thread_blocked, id=2100, stack(0x0000000034430000,0x00000000344b0000)]
  0x0000000032977800 JavaThread "TimerQueue" daemon [_thread_blocked, id=4984, stack(0x0000000034250000,0x00000000342d0000)]
  0x0000000033248800 JavaThread "AWT-EventQueue-0" [_thread_blocked, id=4876, stack(0x00000000341d0000,0x0000000034250000)]
  0x0000000032930800 JavaThread "AWT-Shutdown" [_thread_blocked, id=3060, stack(0x000000000fef0000,0x000000000ff70000)]
  0x00000000327c2800 JavaThread "AWT-Windows" daemon [_thread_in_native, id=540, stack(0x000000000ff70000,0x000000000fff0000)]
  0x00000000327fc800 JavaThread "Java2D Disposer" daemon [_thread_blocked, id=5000, stack(0x000000000fe70000,0x000000000fef0000)]
  0x0000000032049000 JavaThread "Timer-0" [_thread_blocked, id=5004, stack(0x000000000fd30000,0x000000000fdb0000)]
  0x0000000031fcb800 JavaThread "JMI Unnamed Thread" [_thread_in_native, id=4780, stack(0x000000000c310000,0x000000000d710000)]
  0x000000000f02c800 JavaThread "Low Memory Detector" daemon [_thread_blocked, id=1772, stack(0x000000000fcb0000,0x000000000fd30000)]
  0x000000000f01b800 JavaThread "CompilerThread1" daemon [_thread_blocked, id=2652, stack(0x000000002f6d0000,0x0000000030ad0000)]
  0x000000000f00a800 JavaThread "CompilerThread0" daemon [_thread_blocked, id=5104, stack(0x000000002e2d0000,0x000000002f6d0000)]
  0x000000000f008800 JavaThread "Attach Listener" daemon [_thread_blocked, id=5028, stack(0x000000000fc30000,0x000000000fcb0000)]
  0x0000000001dde000 JavaThread "Finalizer" daemon [_thread_blocked, id=1368, stack(0x000000000f190000,0x000000000f210000)]
  0x0000000001dd8000 JavaThread "Reference Handler" daemon [_thread_blocked, id=1176, stack(0x000000000f110000,0x000000000f190000)]
=>0x0000000001e8f000 JavaThread "main" [_thread_in_Java, id=3240, stack(0x0000000000030000,0x0000000001430000)]

Other Threads:
  0x000000000efb2800 VMThread [stack: 0x000000002bf50000,0x000000002d350000] [id=820]
  0x000000000f058000 WatcherThread [stack: 0x0000000030ad0000,0x0000000031ed0000] [id=312]

VM state:not at safepoint (normal execution)

VM Mutex/Monitor currently owned by a thread: None

Heap
 PSYoungGen      total 25088K, used 15676K [0x0000000025250000, 0x0000000028010000, 0x0000000028350000)
  eden space 15360K, 39% used [0x0000000025250000,0x000000002582e088,0x0000000026150000)
  from space 9728K, 99% used [0x00000000261a0000,0x0000000026b11188,0x0000000026b20000)
  to   space 15744K, 0% used [0x00000000270b0000,0x00000000270b0000,0x0000000028010000)
 PSOldGen        total 65728K, used 51483K [0x000000001bf50000, 0x000000001ff80000, 0x0000000025250000)
  object space 65728K, 78% used [0x000000001bf50000,0x000000001f196d58,0x000000001ff80000)
 PSPermGen       total 94976K, used 54176K [0x0000000013f50000, 0x0000000019c10000, 0x000000001bf50000)
  object space 94976K, 57% used [0x0000000013f50000,0x00000000174381f0,0x0000000019c10000)

Dynamic libraries:
0x0000000140000000 - 0x0000000140029000 	C:\Program Files\MATLAB\R2010b\bin\win64\MATLAB.exe
0x00000000772c0000 - 0x0000000077469000 	C:\Windows\SYSTEM32\ntdll.dll
0x00000000770a0000 - 0x00000000771bf000 	C:\Windows\system32\kernel32.dll
0x000007fefca50000 - 0x000007fefcabc000 	C:\Windows\system32\KERNELBASE.dll
0x000000007d080000 - 0x000000007d18e000 	C:\Program Files\MATLAB\R2010b\bin\win64\libut.dll
0x0000000180000000 - 0x000000018007c000 	C:\Program Files\MATLAB\R2010b\bin\win64\libmwi18n.dll
0x00000000014f0000 - 0x0000000001500000 	C:\Program Files\MATLAB\R2010b\bin\win64\boost_date_time-vc80-mt-1_40.dll
0x0000000072f90000 - 0x0000000073099000 	C:\Windows\WinSxS\amd64_microsoft.vc80.crt_1fc8b3b9a1e18e3b_8.0.50727.4940_none_88df89932faf0bf6\MSVCP80.dll
0x0000000074f10000 - 0x0000000074fd9000 	C:\Windows\WinSxS\amd64_microsoft.vc80.crt_1fc8b3b9a1e18e3b_8.0.50727.4940_none_88df89932faf0bf6\MSVCR80.dll
0x000007fefe970000 - 0x000007fefea0f000 	C:\Windows\system32\msvcrt.dll
0x0000000001510000 - 0x000000000152b000 	C:\Program Files\MATLAB\R2010b\bin\win64\boost_filesystem-vc80-mt-1_40.dll
0x0000000001540000 - 0x0000000001549000 	C:\Program Files\MATLAB\R2010b\bin\win64\boost_system-vc80-mt-1_40.dll
0x0000000001560000 - 0x0000000001573000 	C:\Program Files\MATLAB\R2010b\bin\win64\boost_thread-vc80-mt-1_40.dll
0x000000007d880000 - 0x000000007d8a8000 	C:\Program Files\MATLAB\R2010b\bin\win64\LIBEXPAT.dll
0x000000007cce0000 - 0x000000007ce59000 	C:\Program Files\MATLAB\R2010b\bin\win64\icuin42.dll
0x000000007d590000 - 0x000000007d6ca000 	C:\Program Files\MATLAB\R2010b\bin\win64\icuuc42.dll
0x000007fefdb00000 - 0x000007fefdbdb000 	C:\Windows\system32\ADVAPI32.dll
0x000007fefd970000 - 0x000007fefd98f000 	C:\Windows\SYSTEM32\sechost.dll
0x000007fefd540000 - 0x000007fefd66d000 	C:\Windows\system32\RPCRT4.dll
0x0000000010000000 - 0x0000000010f47000 	C:\Program Files\MATLAB\R2010b\bin\win64\icudt42.dll
0x0000000078a10000 - 0x0000000078b49000 	C:\Program Files\MATLAB\R2010b\bin\win64\libmwfl.dll
0x000007fefd330000 - 0x000007fefd347000 	C:\Windows\system32\imagehlp.dll
0x0000000077490000 - 0x0000000077497000 	C:\Windows\system32\PSAPI.DLL
0x0000000001730000 - 0x0000000001816000 	C:\Program Files\MATLAB\R2010b\bin\win64\boost_regex-vc80-mt-1_40.dll
0x00000000771c0000 - 0x00000000772ba000 	C:\Windows\system32\USER32.dll
0x000007fefd780000 - 0x000007fefd7e7000 	C:\Windows\system32\GDI32.dll
0x000007fefcdb0000 - 0x000007fefcdbe000 	C:\Windows\system32\LPK.dll
0x000007fefd350000 - 0x000007fefd419000 	C:\Windows\system32\USP10.dll
0x00000000015e0000 - 0x00000000015f4000 	C:\Program Files\MATLAB\R2010b\bin\win64\boost_signals-vc80-mt-1_40.dll
0x0000000001820000 - 0x000000000185e000 	C:\Program Files\MATLAB\R2010b\bin\win64\tbb.dll
0x000000007cab0000 - 0x000000007cac0000 	C:\Program Files\MATLAB\R2010b\bin\win64\icuio42.dll
0x000000007d200000 - 0x000000007d460000 	C:\Program Files\MATLAB\R2010b\bin\win64\libmwservices.dll
0x000000007d190000 - 0x000000007d1fd000 	C:\Program Files\MATLAB\R2010b\bin\win64\libmx.dll
0x00000000791e0000 - 0x00000000791f7000 	C:\Program Files\MATLAB\R2010b\bin\win64\zlib1.dll
0x000000007d460000 - 0x000000007d58e000 	C:\Program Files\MATLAB\R2010b\bin\win64\libmwmathutil.dll
0x000000007acf0000 - 0x000000007ad51000 	C:\Program Files\MATLAB\R2010b\bin\win64\mpath.dll
0x000000007d8b0000 - 0x000000007db80000 	C:\Program Files\MATLAB\R2010b\bin\win64\mlutil.dll
0x000000007eb00000 - 0x000000007eb8b000 	C:\Program Files\MATLAB\R2010b\bin\win64\xmlcore.dll
0x000000007a670000 - 0x000000007a905000 	C:\Program Files\MATLAB\R2010b\bin\win64\xerces-c_2_7.dll
0x000007fefcac0000 - 0x000007fefcb0d000 	C:\Windows\system32\WS2_32.dll
0x000007fefcda0000 - 0x000007fefcda8000 	C:\Windows\system32\NSI.dll
0x000007fefdbe0000 - 0x000007fefe968000 	C:\Windows\system32\SHELL32.dll
0x000007fefcb10000 - 0x000007fefcb81000 	C:\Windows\system32\SHLWAPI.dll
0x000007fef8520000 - 0x000007fef85c0000 	C:\Windows\WinSxS\amd64_microsoft.windows.common-controls_6595b64144ccf1df_5.82.7601.17514_none_a4d6a923711520a9\COMCTL32.dll
0x000007fefea10000 - 0x000007fefeaa7000 	C:\Windows\system32\comdlg32.dll
0x000007fefb720000 - 0x000007fefb736000 	C:\Windows\system32\NETAPI32.dll
0x000007fefb710000 - 0x000007fefb71c000 	C:\Windows\system32\netutils.dll
0x000007fefc260000 - 0x000007fefc283000 	C:\Windows\system32\srvcli.dll
0x000007fefb6f0000 - 0x000007fefb705000 	C:\Windows\system32\wkscli.dll
0x000000007b0c0000 - 0x000000007b17a000 	C:\Program Files\MATLAB\R2010b\bin\win64\mcr.dll
0x000000007cac0000 - 0x000000007cb74000 	C:\Program Files\MATLAB\R2010b\bin\win64\iqm.dll
0x000000007b860000 - 0x000000007bfdf000 	C:\Program Files\MATLAB\R2010b\bin\win64\m_interpreter.dll
0x000000007cba0000 - 0x000000007cbb0000 	C:\Program Files\MATLAB\R2010b\bin\win64\libmex.dll
0x000000007af40000 - 0x000000007afd6000 	C:\Program Files\MATLAB\R2010b\bin\win64\m_dispatcher.dll
0x000000007ade0000 - 0x000000007ae71000 	C:\Program Files\MATLAB\R2010b\bin\win64\profiler.dll
0x000000007cc20000 - 0x000000007cc51000 	C:\Program Files\MATLAB\R2010b\bin\win64\libmwmathrng.dll
0x0000000079130000 - 0x000000007914a000 	C:\Program Files\MATLAB\R2010b\bin\win64\m_pcodeio.dll
0x000000007aca0000 - 0x000000007aced000 	C:\Program Files\MATLAB\R2010b\bin\win64\m_ir.dll
0x000000007b240000 - 0x000000007b856000 	C:\Program Files\MATLAB\R2010b\bin\win64\m_parser.dll
0x000000007cb80000 - 0x000000007cb93000 	C:\Program Files\MATLAB\R2010b\bin\win64\ir_xfmr.dll
0x0000000078b50000 - 0x0000000078d89000 	C:\Program Files\MATLAB\R2010b\bin\win64\mcos.dll
0x000000007cc70000 - 0x000000007cc7c000 	C:\Program Files\MATLAB\R2010b\bin\win64\mtok.dll
0x0000000079110000 - 0x0000000079130000 	C:\Program Files\MATLAB\R2010b\bin\win64\m_pcodegen.dll
0x0000000078300000 - 0x0000000078356000 	C:\Program Files\MATLAB\R2010b\bin\win64\libmwspmatrix.dll
0x000007fef4380000 - 0x000007fef44a5000 	C:\Windows\system32\dbghelp.dll
0x0000000078360000 - 0x000000007838c000 	C:\Program Files\MATLAB\R2010b\bin\win64\libmwbridge.dll
0x000000007c720000 - 0x000000007c7e0000 	C:\Program Files\MATLAB\R2010b\bin\win64\udd.dll
0x000000007d6d0000 - 0x000000007d82b000 	C:\Program Files\MATLAB\R2010b\bin\win64\libmwgui.dll
0x0000000079250000 - 0x0000000079ad7000 	C:\Program Files\MATLAB\R2010b\bin\win64\hg.dll
0x0000000079030000 - 0x0000000079087000 	C:\Program Files\MATLAB\R2010b\bin\win64\libmat.dll
0x000000007ce60000 - 0x000000007d07b000 	C:\Program Files\MATLAB\R2010b\bin\win64\libhdf5.dll
0x000000007aba0000 - 0x000000007ac24000 	C:\Program Files\MATLAB\R2010b\bin\win64\jmi.dll
0x000000007aae0000 - 0x000000007ab1f000 	C:\Program Files\MATLAB\R2010b\bin\win64\libmwhardcopy.dll
0x000000007ac30000 - 0x000000007ac98000 	C:\Program Files\MATLAB\R2010b\bin\win64\libuij.dll
0x0000000078800000 - 0x00000000789f4000 	C:\Program Files\MATLAB\R2010b\bin\win64\hgdatatypes.dll
0x0000000078740000 - 0x00000000787fa000 	C:\Program Files\MATLAB\R2010b\bin\win64\hgutils.dll
0x0000000079090000 - 0x000000007910c000 	C:\Program Files\MATLAB\R2010b\bin\win64\libmwlapack.dll
0x000000007cbc0000 - 0x000000007cbd3000 	C:\Program Files\MATLAB\R2010b\bin\win64\libmwbinder.dll
0x000000007c7e0000 - 0x000000007caa9000 	C:\Program Files\MATLAB\R2010b\bin\win64\uiw.dll
0x000000007ccd0000 - 0x000000007ccda000 	C:\Program Files\MATLAB\R2010b\bin\win64\uinone.dll
0x000000006ea20000 - 0x000000006ebbc000 	C:\Windows\WinSxS\amd64_microsoft.vc80.mfc_1fc8b3b9a1e18e3b_8.0.50727.4053_none_8444db7d32915e4c\MFC80.DLL
0x000007fef61c0000 - 0x000007fef6231000 	C:\Windows\system32\WINSPOOL.DRV
0x000007fefcb90000 - 0x000007fefcd93000 	C:\Windows\system32\ole32.dll
0x000007fefd9c0000 - 0x000007fefda97000 	C:\Windows\system32\OLEAUT32.dll
0x000000007b180000 - 0x000000007b231000 	C:\Program Files\MATLAB\R2010b\bin\win64\udd_mi.dll
0x0000000079150000 - 0x0000000079168000 	C:\Program Files\MATLAB\R2010b\bin\win64\mwoles05.DLL
0x000000007ad60000 - 0x000000007add3000 	C:\Program Files\MATLAB\R2010b\bin\win64\comcli.dll
0x00000000737e0000 - 0x0000000073800000 	C:\Windows\WinSxS\amd64_microsoft.vc80.atl_1fc8b3b9a1e18e3b_8.0.50727.4053_none_8a1a02152edb659b\ATL80.DLL
0x000000007cc60000 - 0x000000007cc6e000 	C:\Program Files\MATLAB\R2010b\bin\win64\mlautoregister.dll
0x000007fefc5c0000 - 0x000007fefc617000 	C:\Windows\system32\apphelp.dll
0x000007feee050000 - 0x000007feee4b7000 	C:\Windows\AppPatch\AppPatch64\AcXtrnal.DLL
0x000007fefd990000 - 0x000007fefd9be000 	C:\Windows\system32\IMM32.DLL
0x000007fefd670000 - 0x000007fefd779000 	C:\Windows\system32\MSCTF.dll
0x0000000074260000 - 0x000000007426d000 	C:\Windows\WinSxS\amd64_microsoft.vc80.mfcloc_1fc8b3b9a1e18e3b_8.0.50727.4053_none_bc1d1e5b0be08790\MFC80ENU.DLL
0x000007fefae50000 - 0x000007fefaea6000 	C:\Windows\system32\uxtheme.dll
0x000007fefc6f0000 - 0x000007fefc6ff000 	C:\Windows\system32\profapi.dll
0x000007fef9b00000 - 0x000007fef9b27000 	C:\Windows\system32\iphlpapi.dll
0x000007fef9af0000 - 0x000007fef9afb000 	C:\Windows\system32\WINNSI.DLL
0x000007fefbde0000 - 0x000007fefbe3b000 	C:\Windows\system32\DNSAPI.dll
0x000007fef9880000 - 0x000007fef9891000 	C:\Windows\system32\dhcpcsvc6.DLL
0x000007fef9860000 - 0x000007fef9878000 	C:\Windows\system32\dhcpcsvc.DLL
0x0000000074250000 - 0x0000000074253000 	C:\Windows\system32\icmp.Dll
0x000007fefc620000 - 0x000007fefc62f000 	C:\Windows\system32\CRYPTBASE.dll
0x000007fefc860000 - 0x000007fefc896000 	C:\Windows\system32\CFGMGR32.dll
0x000000006d7f0000 - 0x000000006de4d000 	C:\Program Files\MATLAB\R2010b\sys\java\jre\win64\jre\bin\server\jvm.dll
0x000007fefa700000 - 0x000007fefa73b000 	C:\Windows\system32\WINMM.dll
0x000000007af10000 - 0x000000007af1e000 	C:\Program Files\MATLAB\R2010b\sys\java\jre\win64\jre\bin\verify.dll
0x0000000079200000 - 0x0000000079227000 	C:\Program Files\MATLAB\R2010b\sys\java\jre\win64\jre\bin\java.dll
0x000007fefac40000 - 0x000007fefac58000 	C:\Windows\system32\dwmapi.dll
0x000000007aef0000 - 0x000000007aefa000 	C:\Program Files\MATLAB\R2010b\sys\java\jre\win64\jre\bin\hpi.dll
0x000000007af20000 - 0x000000007af32000 	C:\Program Files\MATLAB\R2010b\sys\java\jre\win64\jre\bin\zip.dll
0x000007fefd4a0000 - 0x000007fefd539000 	C:\Windows\system32\CLBCatQ.DLL
0x0000000079170000 - 0x0000000079194000 	C:\Program Files\MATLAB\R2010b\bin\win64\nativejava.dll
0x000007fef84e0000 - 0x000007fef84f8000 	C:\Windows\system32\MPR.dll
0x00000000791a0000 - 0x00000000791da000 	C:\Program Files\MATLAB\R2010b\bin\win64\nativejmi.dll
0x000000007ccc0000 - 0x000000007ccc7000 	C:\Program Files\MATLAB\R2010b\bin\win64\nativeservices.dll
0x000000007a910000 - 0x000000007aad1000 	C:\Program Files\MATLAB\R2010b\sys\java\jre\win64\jre\bin\awt.dll
0x000000007afe0000 - 0x000000007b04b000 	C:\Program Files\MATLAB\R2010b\sys\java\jre\win64\jre\bin\fontmanager.dll
0x0000000079230000 - 0x0000000079247000 	C:\Program Files\MATLAB\R2010b\sys\java\jre\win64\jre\bin\net.dll
0x000007fefbf60000 - 0x000007fefbfb5000 	C:\Windows\system32\mswsock.dll
0x000007fefbf50000 - 0x000007fefbf57000 	C:\Windows\System32\wship6.dll
0x000000007af00000 - 0x000000007af0b000 	C:\Program Files\MATLAB\R2010b\sys\java\jre\win64\jre\bin\nio.dll
0x00000000783b0000 - 0x00000000783ba000 	C:\Program Files\MATLAB\R2010b\bin\win64\nativelmgr.dll
0x000000007de20000 - 0x000000007de55000 	C:\Program Files\MATLAB\R2010b\sys\java\jre\win64\jre\bin\jpeg.dll
0x000007fefbfc0000 - 0x000007fefbfd7000 	C:\Windows\system32\CRYPTSP.dll
0x000007fefbcc0000 - 0x000007fefbd07000 	C:\Windows\system32\rsaenh.dll
0x000007fefb500000 - 0x000007fefb51e000 	C:\Windows\system32\USERENV.dll
0x000007fefa740000 - 0x000007fefa755000 	C:\Windows\system32\NLAapi.dll

VM Arguments:
jvm_args: -Xss512k -XX:PermSize=32m -Xms64m -XX:NewRatio=3 -XX:MaxPermSize=128m -Xmx196m -XX:MaxDirectMemorySize=2147400000 -Dsun.java2d.noddraw=true -Dsun.awt.nopixfmt=true -Xshare:off -Xrs -Dsun.awt.disableMixing=true -Djava.library.path=C:\Program Files\MATLAB\R2010b\bin\win64 vfprintf abort 
java_command: <unknown>
Launcher Type: generic

Environment Variables:
PATH=C:\Program Files (x86)\PC Connectivity Solution\;C:\Program Files (x86)\MiKTeX 2.9\miktex\bin;C:\Windows\system32;C:\Windows;C:\Windows\System32\Wbem;C:\Windows\System32\WindowsPowerShell\v1.0\;C:\Program Files\MATLAB\R2010b\runtime\win64;C:\Program Files\MATLAB\R2010b\bin;C:\X-Plane 9\Resources\plugins;C:\Program Files\Microsoft Network Monitor 3\;C:\Program Files\Microsoft Windows Performance Toolkit\;c:\Program Files (x86)\Microsoft SQL Server\100\Tools\Binn\;c:\Program Files\Microsoft SQL Server\100\Tools\Binn\;c:\Program Files\Microsoft SQL Server\100\DTS\Binn\
USERNAME=Owen
OS=Windows_NT
PROCESSOR_IDENTIFIER=Intel64 Family 6 Model 42 Stepping 7, GenuineIntel



---------------  S Y S T E M  ---------------

OS: Windows 7 Build 7601 Service Pack 1

CPU:total 4 (8 cores per cpu, 2 threads per core) family 6 model 42 stepping 7, cmov, cx8, fxsr, mmx, sse, sse2, sse3, ssse3, sse4.1, sse4.2, ht

Memory: 4k page, physical 8292592k(4543640k free), swap 16583336k(12415572k free)

vm_info: Java HotSpot(TM) 64-Bit Server VM (14.3-b01) for windows-amd64 JRE (1.6.0_17-b04), built on Oct 11 2009 00:46:08 by "java_re" with MS VC++ 8.0

time: Fri Jan 20 14:43:04 2012
elapsed time: 2380 seconds

