C:\Users\Owen\Documents\lucas-research\XPlaneMAVLink\XPlaneMAVLink\Debug\cl.command.1.tlog
C:\Users\Owen\Documents\lucas-research\XPlaneMAVLink\XPlaneMAVLink\Debug\CL.read.1.tlog
C:\Users\Owen\Documents\lucas-research\XPlaneMAVLink\XPlaneMAVLink\Debug\CL.write.1.tlog
C:\USERS\OWEN\DOCUMENTS\LUCAS-RESEARCH\XPLANEMAVLINK\XPLANEMAVLINK\DEBUG\DATAREF.OBJ
C:\USERS\OWEN\DOCUMENTS\LUCAS-RESEARCH\XPLANEMAVLINK\XPLANEMAVLINK\DEBUG\FILEDATALINK.OBJ
C:\Users\Owen\Documents\lucas-research\XPlaneMAVLink\XPlaneMAVLink\Debug\link.command.1.tlog
C:\Users\Owen\Documents\lucas-research\XPlaneMAVLink\XPlaneMAVLink\Debug\link.read.1.tlog
C:\Users\Owen\Documents\lucas-research\XPlaneMAVLink\XPlaneMAVLink\Debug\link.write.1.tlog
C:\USERS\OWEN\DOCUMENTS\LUCAS-RESEARCH\XPLANEMAVLINK\XPLANEMAVLINK\DEBUG\MAVLINK.OBJ
C:\Users\Owen\Documents\lucas-research\XPlaneMAVLink\XPlaneMAVLink\Debug\mt.command.1.tlog
C:\Users\Owen\Documents\lucas-research\XPlaneMAVLink\XPlaneMAVLink\Debug\mt.read.1.tlog
C:\Users\Owen\Documents\lucas-research\XPlaneMAVLink\XPlaneMAVLink\Debug\mt.write.1.tlog
C:\USERS\OWEN\DOCUMENTS\LUCAS-RESEARCH\XPLANEMAVLINK\XPLANEMAVLINK\DEBUG\SPOOFDATALINK.OBJ
C:\USERS\OWEN\DOCUMENTS\LUCAS-RESEARCH\XPLANEMAVLINK\XPLANEMAVLINK\DEBUG\TCPDATALINK.OBJ
C:\USERS\OWEN\DOCUMENTS\LUCAS-RESEARCH\XPLANEMAVLINK\XPLANEMAVLINK\DEBUG\UDPDATALINK.OBJ
C:\Users\Owen\Documents\lucas-research\XPlaneMAVLink\XPlaneMAVLink\Debug\vc100.idb
C:\USERS\OWEN\DOCUMENTS\LUCAS-RESEARCH\XPLANEMAVLINK\XPLANEMAVLINK\DEBUG\VC100.PDB
C:\USERS\OWEN\DOCUMENTS\LUCAS-RESEARCH\XPLANEMAVLINK\XPLANEMAVLINK\DEBUG\XPLANEMAVLINK.OBJ
C:\Users\Owen\Documents\lucas-research\XPlaneMAVLink\XPlaneMAVLink\Debug\XPlaneMAVLink.write.1.tlog
C:\Users\Owen\Documents\lucas-research\XPlaneMAVLink\XPlaneMAVLink\Debug\XPlaneMAVLink.xpl.intermediate.manifest
C:\USERS\OWEN\DOCUMENTS\LUCAS-RESEARCH\XPLANEMAVLINK\XPLANEMAVLINK\DEBUG\XPLANEMAVLINKWIN.OBJ
C:\USERS\OWEN\DOCUMENTS\LUCAS-RESEARCH\XPLANEMAVLINK\XPLANEMAVLINK\DEBUG\XPOBJECT.OBJ
C:\USERS\OWEN\DOCUMENTS\LUCAS-RESEARCH\XPLANEMAVLINK\XPLANEMAVLINK\DEBUG\XPWINDOW.OBJ
C:\X-Plane 9\Resources\plugins\XPlaneMAVLink.exp
C:\X-Plane 9\Resources\plugins\XPlaneMAVLink.lib
C:\X-Plane 9\Resources\plugins\XPlaneMAVLink.pdb
C:\X-PLANE 9\RESOURCES\PLUGINS\XPLANEMAVLINK.XPL
