Build started 20/02/2012 12:12:49.
     1>Project "C:\Users\Owen\Documents\lucas-research\APMMAVLink\DataLink\DataLink.vcxproj" on node 2 (build target(s)).
     1>InitializeBuildStatus:
         Creating "Debug\DataLink.unsuccessfulbuild" because "AlwaysCreate" was specified.
       ClCompile:
         All outputs are up-to-date.
       Link:
         C:\Program Files (x86)\Microsoft Visual Studio 10.0\VC\bin\link.exe /ERRORREPORT:PROMPT /OUT:"C:\Users\Owen\Documents\lucas-research\APMMAVLink\Debug\DataLink.dll" /NOLOGO kernel32.lib user32.lib gdi32.lib winspool.lib comdlg32.lib advapi32.lib shell32.lib ole32.lib oleaut32.lib uuid.lib odbc32.lib odbccp32.lib /MANIFEST /ManifestFile:"Debug\DataLink.dll.intermediate.manifest" /MANIFESTUAC:"level='asInvoker' uiAccess='false'" /DEBUG /PDB:"C:\Users\Owen\Documents\lucas-research\APMMAVLink\Debug\DataLink.pdb" /TLBID:1 /DYNAMICBASE /NXCOMPAT /IMPLIB:"C:\Users\Owen\Documents\lucas-research\APMMAVLink\Debug\DataLink.lib" /MACHINE:X86 /DLL Debug\DataLinkWin.obj
         Debug\DebugDataLink.obj
         Debug\FileDataLink.obj
         Debug\MAVLink.obj
         Debug\MAVLinkComponent.obj
         Debug\SerialDataLink.obj
         Debug\SpoofDataLink.obj
         Debug\TCPDataLink.obj
         Debug\UDPDataLink.obj
         Debug\XBeeAPIDataLink.obj
            Creating library C:\Users\Owen\Documents\lucas-research\APMMAVLink\Debug\DataLink.lib and object C:\Users\Owen\Documents\lucas-research\APMMAVLink\Debug\DataLink.exp
         DataLink.vcxproj -> C:\Users\Owen\Documents\lucas-research\APMMAVLink\Debug\DataLink.dll
       Manifest:
         C:\Program Files (x86)\Microsoft SDKs\Windows\v7.0A\bin\mt.exe /nologo /verbose /outputresource:"C:\Users\Owen\Documents\lucas-research\APMMAVLink\Debug\DataLink.dll;#2" /manifest Debug\DataLink.dll.intermediate.manifest
       FinalizeBuildStatus:
         Deleting file "Debug\DataLink.unsuccessfulbuild".
         Touching "Debug\DataLink.lastbuildstate".
     1>Done Building Project "C:\Users\Owen\Documents\lucas-research\APMMAVLink\DataLink\DataLink.vcxproj" (build target(s)).

Build succeeded.

Time Elapsed 00:00:00.47
