C:\USERS\OWEN\DOCUMENTS\VISUAL STUDIO 2010\PROJECTS\XPLANEMAVLINK\DEBUG\XPLANEMAVLINK.DLL
c:\users\owen\documents\visual studio 2010\Projects\XPlaneMAVLink\Debug\XPlaneMAVLink.exp
c:\users\owen\documents\visual studio 2010\Projects\XPlaneMAVLink\Debug\XPlaneMAVLink.lib
c:\Users\Owen\documents\visual studio 2010\Projects\XPlaneMAVLink\XPlaneMAVLink\Debug\cl.command.1.tlog
c:\Users\Owen\documents\visual studio 2010\Projects\XPlaneMAVLink\XPlaneMAVLink\Debug\CL.read.1.tlog
c:\Users\Owen\documents\visual studio 2010\Projects\XPlaneMAVLink\XPlaneMAVLink\Debug\CL.write.1.tlog
c:\Users\Owen\documents\visual studio 2010\Projects\XPlaneMAVLink\XPlaneMAVLink\Debug\link.command.1.tlog
c:\Users\Owen\documents\visual studio 2010\Projects\XPlaneMAVLink\XPlaneMAVLink\Debug\link.read.1.tlog
c:\Users\Owen\documents\visual studio 2010\Projects\XPlaneMAVLink\XPlaneMAVLink\Debug\link.write.1.tlog
c:\Users\Owen\documents\visual studio 2010\Projects\XPlaneMAVLink\XPlaneMAVLink\Debug\mt.command.1.tlog
c:\Users\Owen\documents\visual studio 2010\Projects\XPlaneMAVLink\XPlaneMAVLink\Debug\mt.read.1.tlog
c:\Users\Owen\documents\visual studio 2010\Projects\XPlaneMAVLink\XPlaneMAVLink\Debug\mt.write.1.tlog
C:\USERS\OWEN\DOCUMENTS\VISUAL STUDIO 2010\PROJECTS\XPLANEMAVLINK\XPLANEMAVLINK\DEBUG\UDPDATALINK.OBJ
c:\Users\Owen\documents\visual studio 2010\Projects\XPlaneMAVLink\XPlaneMAVLink\Debug\vc100.idb
C:\USERS\OWEN\DOCUMENTS\VISUAL STUDIO 2010\PROJECTS\XPLANEMAVLINK\XPLANEMAVLINK\DEBUG\VC100.PDB
c:\Users\Owen\documents\visual studio 2010\Projects\XPlaneMAVLink\XPlaneMAVLink\Debug\XPlaneMAVLink.dll.intermediate.manifest
C:\USERS\OWEN\DOCUMENTS\VISUAL STUDIO 2010\PROJECTS\XPLANEMAVLINK\XPLANEMAVLINK\DEBUG\XPLANEMAVLINK.OBJ
c:\Users\Owen\documents\visual studio 2010\Projects\XPlaneMAVLink\XPlaneMAVLink\Debug\XPlaneMAVLink.write.1.tlog
C:\USERS\OWEN\DOCUMENTS\VISUAL STUDIO 2010\PROJECTS\XPLANEMAVLINK\XPLANEMAVLINK\DEBUG\XPLANEMAVLINK.XPL.INTERMEDIATE.MANIFEST
C:\USERS\OWEN\DOCUMENTS\VISUAL STUDIO 2010\PROJECTS\XPLANEMAVLINK\XPLANEMAVLINK\DEBUG\XPLANEMAVLINKWIN.OBJ
C:\X-Plane 9\Resources\plugins\XPlaneMAVLink.exp
C:\X-PLANE 9\RESOURCES\PLUGINS\XPLANEMAVLINK.ILK
C:\X-Plane 9\Resources\plugins\XPlaneMAVLink.lib
C:\X-PLANE 9\RESOURCES\PLUGINS\XPLANEMAVLINK.PDB
C:\X-PLANE 9\RESOURCES\PLUGINS\XPLANEMAVLINK.XPL
