Build started 02/01/2012 18:53:49.
     1>Project "c:\Users\Owen\documents\visual studio 2010\Projects\XPlaneMAVLink\XPlaneMAVLink\XPlaneMAVLink.vcxproj" on node 2 (build target(s)).
     1>InitializeBuildStatus:
         Creating "Debug\XPlaneMAVLink.unsuccessfulbuild" because "AlwaysCreate" was specified.
       ClCompile:
         C:\Program Files (x86)\Microsoft Visual Studio 10.0\VC\bin\CL.exe /c /I"C:\Users\Owen\Documents\Visual Studio 2010\Projects\SDK\CHeaders\Wrappers" /I"C:\Users\Owen\Documents\Visual Studio 2010\Projects\SDK\CHeaders\Widgets" /I"C:\Users\Owen\Documents\Visual Studio 2010\Projects\SDK\CHeaders\XPLM" /ZI /nologo /W3 /WX- /Od /Oy- /D IBM=1 /D _WINDLL /D _MBCS /Gm /EHsc /RTC1 /MDd /GS /fp:precise /Zc:wchar_t /Zc:forScope /Fo"Debug\\" /Fd"Debug\vc100.pdb" /Gd /TP /analyze- /errorReport:prompt XPlaneMAVLink.cpp
         XPlaneMAVLink.cpp
     1>c:\users\owen\documents\visual studio 2010\projects\xplanemavlink\xplanemavlink\xplanemavlink.cpp(66): warning C4996: 'strcpy': This function or variable may be unsafe. Consider using strcpy_s instead. To disable deprecation, use _CRT_SECURE_NO_WARNINGS. See online help for details.
                 c:\program files (x86)\microsoft visual studio 10.0\vc\include\string.h(105) : see declaration of 'strcpy'
     1>c:\users\owen\documents\visual studio 2010\projects\xplanemavlink\xplanemavlink\xplanemavlink.cpp(67): warning C4996: 'strcpy': This function or variable may be unsafe. Consider using strcpy_s instead. To disable deprecation, use _CRT_SECURE_NO_WARNINGS. See online help for details.
                 c:\program files (x86)\microsoft visual studio 10.0\vc\include\string.h(105) : see declaration of 'strcpy'
     1>c:\users\owen\documents\visual studio 2010\projects\xplanemavlink\xplanemavlink\xplanemavlink.cpp(68): warning C4996: 'strcpy': This function or variable may be unsafe. Consider using strcpy_s instead. To disable deprecation, use _CRT_SECURE_NO_WARNINGS. See online help for details.
                 c:\program files (x86)\microsoft visual studio 10.0\vc\include\string.h(105) : see declaration of 'strcpy'
     1>c:\users\owen\documents\visual studio 2010\projects\xplanemavlink\xplanemavlink\xplanemavlink.cpp(163): warning C4996: 'sprintf': This function or variable may be unsafe. Consider using sprintf_s instead. To disable deprecation, use _CRT_SECURE_NO_WARNINGS. See online help for details.
                 c:\program files (x86)\microsoft visual studio 10.0\vc\include\stdio.h(371) : see declaration of 'sprintf'
     1>c:\users\owen\documents\visual studio 2010\projects\xplanemavlink\xplanemavlink\xplanemavlink.cpp(174): warning C4996: 'sprintf': This function or variable may be unsafe. Consider using sprintf_s instead. To disable deprecation, use _CRT_SECURE_NO_WARNINGS. See online help for details.
                 c:\program files (x86)\microsoft visual studio 10.0\vc\include\stdio.h(371) : see declaration of 'sprintf'
       Link:
         C:\Program Files (x86)\Microsoft Visual Studio 10.0\VC\bin\link.exe /ERRORREPORT:PROMPT /OUT:"C:\X-Plane 9\Resources\plugins\XPlaneMAVLink.xpl" /NOLOGO kernel32.lib user32.lib gdi32.lib winspool.lib comdlg32.lib advapi32.lib shell32.lib ole32.lib oleaut32.lib uuid.lib odbc32.lib odbccp32.lib /MANIFEST /ManifestFile:"Debug\XPlaneMAVLink.xpl.intermediate.manifest" /MANIFESTUAC:"level='asInvoker' uiAccess='false'" /DEBUG /PDB:"C:\X-Plane 9\Resources\plugins\XPlaneMAVLink.pdb" /TLBID:1 /DYNAMICBASE /NXCOMPAT /IMPLIB:"C:\X-Plane 9\Resources\plugins\XPlaneMAVLink.lib" /MACHINE:X86 /DLL Debug\UDPDataLink.obj
         Debug\XPlaneMAVLink.obj
         Debug\XPlaneMAVLinkWin.obj
         ..\..\SDK\Libraries\Win\XPLM.lib
         ..\..\SDK\Libraries\Win\XPWidgets.lib
         LINK : C:\X-Plane 9\Resources\plugins\XPlaneMAVLink.xpl not found or not built by the last incremental link; performing full link
            Creating library C:\X-Plane 9\Resources\plugins\XPlaneMAVLink.lib and object C:\X-Plane 9\Resources\plugins\XPlaneMAVLink.exp
         XPlaneMAVLink.vcxproj -> C:\X-Plane 9\Resources\plugins\XPlaneMAVLink.xpl
       Manifest:
         C:\Program Files (x86)\Microsoft SDKs\Windows\v7.0A\bin\mt.exe /nologo /verbose /outputresource:"C:\X-Plane 9\Resources\plugins\XPlaneMAVLink.xpl;#2" /manifest Debug\XPlaneMAVLink.xpl.intermediate.manifest
       FinalizeBuildStatus:
         Deleting file "Debug\XPlaneMAVLink.unsuccessfulbuild".
         Touching "Debug\XPlaneMAVLink.lastbuildstate".
     1>Done Building Project "c:\Users\Owen\documents\visual studio 2010\Projects\XPlaneMAVLink\XPlaneMAVLink\XPlaneMAVLink.vcxproj" (build target(s)).

Build succeeded.

Time Elapsed 00:00:00.89
